-- Create test table
CREATE TABLE appname1 (col int);
CREATE TABLE appname2 (col int);
-- Check if the READ class audit log is emitted only during
-- application_name is 'appname1'.
SELECT * FROM appname1;
 col 
-----
(0 rows)

SET application_name TO 'appname1';
SELECT * FROM appname1; -- must be logged
NOTICE:  AUDIT: SESSION,1,1,READ,,regression,[local],appname1,,,,,SELECT,TABLE,public.appname1,SELECT * FROM appname1;,<not logged>
 col 
-----
(0 rows)

SET application_name TO DEFAULT;
SELECT * FROM appname1;
 col 
-----
(0 rows)

-- Check if the ERROR class audit log is emitted only during
-- application_name is 'appname1'.
SELECT col2 FROM appname2; -- error
ERROR:  column "col2" does not exist
LINE 1: SELECT col2 FROM appname2;
               ^
HINT:  Perhaps you meant to reference the column "appname2.col".
SET application_name TO 'appname2';
SELECT col2 FROM appname2; -- error, must be logged
NOTICE:  AUDIT: SESSION,,,ERROR,,regression,[local],appname2,,,42703,column "col2" does not exist,,,,,
ERROR:  column "col2" does not exist
LINE 1: SELECT col2 FROM appname2;
               ^
HINT:  Perhaps you meant to reference the column "appname2.col".
SET application_name TO DEFAULT ;
SELECT col2 FROM appname2; -- error
ERROR:  column "col2" does not exist
LINE 1: SELECT col2 FROM appname2;
               ^
HINT:  Perhaps you meant to reference the column "appname2.col".
