-- Set up relations for regression test.
-- Required databases are created by init.sql script.
CREATE USER foo_user;
CREATE USER bar_user;
\c foo
CREATE FUNCTION test_func() RETURNS INT AS
$$
BEGIN
    RETURN 0;
END;
$$ LANGUAGE plpgsql;
NOTICE:  AUDIT: SESSION,1,1,DDL,,foo,[local],pg_regress,,,,,CREATE FUNCTION,FUNCTION,public.test_func(),"CREATE FUNCTION test_func() RETURNS INT AS
$$
BEGIN
    RETURN 0;
END;
$$ LANGUAGE plpgsql;",<not logged>
\c bar
CREATE FUNCTION test_func() RETURNS INT AS
$$
BEGIN
    RETURN 0;
END;
$$ LANGUAGE plpgsql;
-- Test for database rule.
-- SQL on 'foo' database must be logged.
-- logged
\c foo foo_user
SELECT test_func();
NOTICE:  AUDIT: SESSION,1,1,FUNCTION,,foo,[local],pg_regress,,,,,EXECUTE,FUNCTION,public.test_func,SELECT test_func();,<not logged>
 test_func 
-----------
         0
(1 row)

-- not logged
\c bar foo_user
SELECT test_func();
 test_func 
-----------
         0
(1 row)

